0 silly argv {
0 silly argv   _: [ 'run' ],
0 silly argv   lernaVersion: '4.0.0',
0 silly argv   '$0': '/Users/rushil/Personal/molecule-ui/node_modules/.bin/lerna',
0 silly argv   script: 'build'
0 silly argv }
1 notice cli v4.0.0
2 verbose rootPath /Users/rushil/Personal/molecule-ui
3 error JSONError: Unexpected token < in JSON at position 33 while parsing near '...@moleculeui/react",<<<<<<< HEAD  "vers...' in packages/molecule-ui-react/package.json
3 error
3 error [0m [90m 1 | [39m{[0m
3 error [0m [90m 2 | [39m  [32m"name"[39m[33m:[39m [32m"@moleculeui/react"[39m[33m,[39m[0m
3 error [0m[31m[1m>[22m[39m[90m 3 | [39m[33m<<[39m[33m<<[39m[33m<<[39m[33m<[39m [33mHEAD[39m[0m
3 error [0m [90m   | [39m[31m[1m^[22m[39m[0m
3 error [0m [90m 4 | [39m  [32m"version"[39m[33m:[39m [32m"1.1.2-beta.3"[39m[33m,[39m[0m
3 error [0m [90m 5 | [39m[33m===[39m[33m===[39m[33m=[39m[0m
3 error [0m [90m 6 | [39m  [32m"version"[39m[33m:[39m [32m"1.0.3-beta.0"[39m[33m,[39m[0m
3 error
3 error     at module.exports (/Users/rushil/Personal/molecule-ui/node_modules/parse-json/index.js:29:21)
3 error     at parse (/Users/rushil/Personal/molecule-ui/node_modules/load-json-file/index.js:15:9)
3 error     at module.exports (/Users/rushil/Personal/molecule-ui/node_modules/load-json-file/index.js:18:47)
